

Started GET "/" for 127.0.0.1 at Tue Jul 17 14:22:58 +0800 2012
  Processing by StoreController#index as HTML
  [1m[36mProduct Load (0.4ms)[0m  [1mSELECT "products".* FROM "products" ORDER BY title[0m
SQLite3::SQLException: no such table: products: SELECT "products".* FROM "products" ORDER BY title
Completed   in 66ms

ActiveRecord::StatementInvalid (SQLite3::SQLException: no such table: products: SELECT "products".* FROM "products" ORDER BY title):
  app/controllers/store_controller.rb:3:in `index'

Rendered /home/leon/.rvm/gems/ruby-1.8.7-p370/gems/actionpack-3.0.7/lib/action_dispatch/middleware/templates/rescues/_trace.erb (0.9ms)
Rendered /home/leon/.rvm/gems/ruby-1.8.7-p370/gems/actionpack-3.0.7/lib/action_dispatch/middleware/templates/rescues/_request_and_response.erb (4.1ms)
Rendered /home/leon/.rvm/gems/ruby-1.8.7-p370/gems/actionpack-3.0.7/lib/action_dispatch/middleware/templates/rescues/diagnostics.erb within rescues/layout (7.9ms)


Started GET "/" for 127.0.0.1 at Tue Jul 17 14:23:36 +0800 2012
  Processing by StoreController#index as HTML
  [1m[35mProduct Load (0.2ms)[0m  SELECT "products".* FROM "products" ORDER BY title
SQLite3::SQLException: no such table: products: SELECT "products".* FROM "products" ORDER BY title
Completed   in 6ms

ActiveRecord::StatementInvalid (SQLite3::SQLException: no such table: products: SELECT "products".* FROM "products" ORDER BY title):
  app/controllers/store_controller.rb:3:in `index'

Rendered /home/leon/.rvm/gems/ruby-1.8.7-p370/gems/actionpack-3.0.7/lib/action_dispatch/middleware/templates/rescues/_trace.erb (0.9ms)
Rendered /home/leon/.rvm/gems/ruby-1.8.7-p370/gems/actionpack-3.0.7/lib/action_dispatch/middleware/templates/rescues/_request_and_response.erb (3.9ms)
Rendered /home/leon/.rvm/gems/ruby-1.8.7-p370/gems/actionpack-3.0.7/lib/action_dispatch/middleware/templates/rescues/diagnostics.erb within rescues/layout (7.6ms)


Started GET "/" for 127.0.0.1 at Tue Jul 17 14:23:39 +0800 2012
  Processing by StoreController#index as HTML
  [1m[36mProduct Load (0.3ms)[0m  [1mSELECT "products".* FROM "products" ORDER BY title[0m
SQLite3::SQLException: no such table: products: SELECT "products".* FROM "products" ORDER BY title
Completed   in 7ms

ActiveRecord::StatementInvalid (SQLite3::SQLException: no such table: products: SELECT "products".* FROM "products" ORDER BY title):
  app/controllers/store_controller.rb:3:in `index'

Rendered /home/leon/.rvm/gems/ruby-1.8.7-p370/gems/actionpack-3.0.7/lib/action_dispatch/middleware/templates/rescues/_trace.erb (0.9ms)
Rendered /home/leon/.rvm/gems/ruby-1.8.7-p370/gems/actionpack-3.0.7/lib/action_dispatch/middleware/templates/rescues/_request_and_response.erb (3.9ms)
Rendered /home/leon/.rvm/gems/ruby-1.8.7-p370/gems/actionpack-3.0.7/lib/action_dispatch/middleware/templates/rescues/diagnostics.erb within rescues/layout (7.8ms)


Started GET "/" for 127.0.0.1 at Tue Jul 17 14:23:40 +0800 2012
  Processing by StoreController#index as HTML
  [1m[35mProduct Load (0.3ms)[0m  SELECT "products".* FROM "products" ORDER BY title
SQLite3::SQLException: no such table: products: SELECT "products".* FROM "products" ORDER BY title
Completed   in 7ms

ActiveRecord::StatementInvalid (SQLite3::SQLException: no such table: products: SELECT "products".* FROM "products" ORDER BY title):
  app/controllers/store_controller.rb:3:in `index'

Rendered /home/leon/.rvm/gems/ruby-1.8.7-p370/gems/actionpack-3.0.7/lib/action_dispatch/middleware/templates/rescues/_trace.erb (0.9ms)
Rendered /home/leon/.rvm/gems/ruby-1.8.7-p370/gems/actionpack-3.0.7/lib/action_dispatch/middleware/templates/rescues/_request_and_response.erb (4.0ms)
Rendered /home/leon/.rvm/gems/ruby-1.8.7-p370/gems/actionpack-3.0.7/lib/action_dispatch/middleware/templates/rescues/diagnostics.erb within rescues/layout (7.9ms)


Started GET "/" for 127.0.0.1 at Tue Jul 17 14:23:41 +0800 2012
  Processing by StoreController#index as HTML
  [1m[36mProduct Load (0.3ms)[0m  [1mSELECT "products".* FROM "products" ORDER BY title[0m
SQLite3::SQLException: no such table: products: SELECT "products".* FROM "products" ORDER BY title
Completed   in 6ms

ActiveRecord::StatementInvalid (SQLite3::SQLException: no such table: products: SELECT "products".* FROM "products" ORDER BY title):
  app/controllers/store_controller.rb:3:in `index'

Rendered /home/leon/.rvm/gems/ruby-1.8.7-p370/gems/actionpack-3.0.7/lib/action_dispatch/middleware/templates/rescues/_trace.erb (0.9ms)
Rendered /home/leon/.rvm/gems/ruby-1.8.7-p370/gems/actionpack-3.0.7/lib/action_dispatch/middleware/templates/rescues/_request_and_response.erb (3.7ms)
Rendered /home/leon/.rvm/gems/ruby-1.8.7-p370/gems/actionpack-3.0.7/lib/action_dispatch/middleware/templates/rescues/diagnostics.erb within rescues/layout (7.4ms)


Started GET "/" for 127.0.0.1 at Tue Jul 17 14:23:54 +0800 2012
  Processing by StoreController#index as HTML
  [1m[36mProduct Load (0.4ms)[0m  [1mSELECT "products".* FROM "products" ORDER BY title[0m
SQLite3::SQLException: no such table: products: SELECT "products".* FROM "products" ORDER BY title
Completed   in 67ms

ActiveRecord::StatementInvalid (SQLite3::SQLException: no such table: products: SELECT "products".* FROM "products" ORDER BY title):
  app/controllers/store_controller.rb:3:in `index'

Rendered /home/leon/.rvm/gems/ruby-1.8.7-p370/gems/actionpack-3.0.7/lib/action_dispatch/middleware/templates/rescues/_trace.erb (0.9ms)
Rendered /home/leon/.rvm/gems/ruby-1.8.7-p370/gems/actionpack-3.0.7/lib/action_dispatch/middleware/templates/rescues/_request_and_response.erb (4.1ms)
Rendered /home/leon/.rvm/gems/ruby-1.8.7-p370/gems/actionpack-3.0.7/lib/action_dispatch/middleware/templates/rescues/diagnostics.erb within rescues/layout (7.9ms)


Started GET "/" for 127.0.0.1 at Tue Jul 17 14:23:55 +0800 2012
  Processing by StoreController#index as HTML
  [1m[35mProduct Load (0.2ms)[0m  SELECT "products".* FROM "products" ORDER BY title
SQLite3::SQLException: no such table: products: SELECT "products".* FROM "products" ORDER BY title
Completed   in 6ms

ActiveRecord::StatementInvalid (SQLite3::SQLException: no such table: products: SELECT "products".* FROM "products" ORDER BY title):
  app/controllers/store_controller.rb:3:in `index'

Rendered /home/leon/.rvm/gems/ruby-1.8.7-p370/gems/actionpack-3.0.7/lib/action_dispatch/middleware/templates/rescues/_trace.erb (0.9ms)
Rendered /home/leon/.rvm/gems/ruby-1.8.7-p370/gems/actionpack-3.0.7/lib/action_dispatch/middleware/templates/rescues/_request_and_response.erb (3.9ms)
Rendered /home/leon/.rvm/gems/ruby-1.8.7-p370/gems/actionpack-3.0.7/lib/action_dispatch/middleware/templates/rescues/diagnostics.erb within rescues/layout (7.8ms)


Started GET "/" for 127.0.0.1 at Tue Jul 17 14:23:56 +0800 2012
  Processing by StoreController#index as HTML
  [1m[36mProduct Load (0.3ms)[0m  [1mSELECT "products".* FROM "products" ORDER BY title[0m
SQLite3::SQLException: no such table: products: SELECT "products".* FROM "products" ORDER BY title
Completed   in 6ms

ActiveRecord::StatementInvalid (SQLite3::SQLException: no such table: products: SELECT "products".* FROM "products" ORDER BY title):
  app/controllers/store_controller.rb:3:in `index'

Rendered /home/leon/.rvm/gems/ruby-1.8.7-p370/gems/actionpack-3.0.7/lib/action_dispatch/middleware/templates/rescues/_trace.erb (1.0ms)
Rendered /home/leon/.rvm/gems/ruby-1.8.7-p370/gems/actionpack-3.0.7/lib/action_dispatch/middleware/templates/rescues/_request_and_response.erb (3.9ms)
Rendered /home/leon/.rvm/gems/ruby-1.8.7-p370/gems/actionpack-3.0.7/lib/action_dispatch/middleware/templates/rescues/diagnostics.erb within rescues/layout (7.8ms)


Started GET "/" for 127.0.0.1 at Tue Jul 17 14:23:57 +0800 2012
  Processing by StoreController#index as HTML
  [1m[35mProduct Load (0.3ms)[0m  SELECT "products".* FROM "products" ORDER BY title
SQLite3::SQLException: no such table: products: SELECT "products".* FROM "products" ORDER BY title
Completed   in 7ms

ActiveRecord::StatementInvalid (SQLite3::SQLException: no such table: products: SELECT "products".* FROM "products" ORDER BY title):
  app/controllers/store_controller.rb:3:in `index'

Rendered /home/leon/.rvm/gems/ruby-1.8.7-p370/gems/actionpack-3.0.7/lib/action_dispatch/middleware/templates/rescues/_trace.erb (0.9ms)
Rendered /home/leon/.rvm/gems/ruby-1.8.7-p370/gems/actionpack-3.0.7/lib/action_dispatch/middleware/templates/rescues/_request_and_response.erb (4.1ms)
Rendered /home/leon/.rvm/gems/ruby-1.8.7-p370/gems/actionpack-3.0.7/lib/action_dispatch/middleware/templates/rescues/diagnostics.erb within rescues/layout (8.0ms)
  [1m[36mSQL (0.3ms)[0m  [1m SELECT name
 FROM sqlite_master
 WHERE type = 'table' AND NOT name = 'sqlite_sequence'
[0m
  [1m[35mSQL (0.1ms)[0m  select sqlite_version(*)
  [1m[36mSQL (188.7ms)[0m  [1mCREATE TABLE "schema_migrations" ("version" varchar(255) NOT NULL) [0m
  [1m[35mSQL (0.1ms)[0m  PRAGMA index_list("schema_migrations")
  [1m[36mSQL (182.9ms)[0m  [1mCREATE UNIQUE INDEX "unique_schema_migrations" ON "schema_migrations" ("version")[0m
  [1m[35mSQL (0.1ms)[0m   SELECT name
 FROM sqlite_master
 WHERE type = 'table' AND NOT name = 'sqlite_sequence'
  [1m[36mSQL (0.1ms)[0m  [1m SELECT name
 FROM sqlite_master
 WHERE type = 'table' AND NOT name = 'sqlite_sequence'
[0m
  [1m[35mSQL (0.1ms)[0m  SELECT "schema_migrations"."version" FROM "schema_migrations"
Migrating to CreateProducts (20120712003610)
  [1m[36mSQL (0.4ms)[0m  [1mCREATE TABLE "products" ("id" INTEGER PRIMARY KEY AUTOINCREMENT NOT NULL, "title" varchar(255), "description" text, "image_url" varchar(255), "price" decimal, "created_at" datetime, "updated_at" datetime) [0m
  [1m[35mSQL (0.1ms)[0m  INSERT INTO "schema_migrations" ("version") VALUES ('20120712003610')
  [1m[36mSQL (0.2ms)[0m  [1m SELECT name
 FROM sqlite_master
 WHERE type = 'table' AND NOT name = 'sqlite_sequence'
[0m
  [1m[35mSQL (0.1ms)[0m  SELECT "schema_migrations"."version" FROM "schema_migrations"
  [1m[36mSQL (0.1ms)[0m  [1m SELECT name
 FROM sqlite_master
 WHERE type = 'table' AND NOT name = 'sqlite_sequence'
[0m
  [1m[35mSQL (0.0ms)[0m  PRAGMA index_list("products")
  [1m[36mSQL (0.4ms)[0m  [1m SELECT name
 FROM sqlite_master
 WHERE type = 'table' AND NOT name = 'sqlite_sequence'
[0m
  [1m[35mSQL (0.1ms)[0m   SELECT name
 FROM sqlite_master
 WHERE type = 'table' AND NOT name = 'sqlite_sequence'
  [1m[36mSQL (0.1ms)[0m  [1mSELECT "schema_migrations"."version" FROM "schema_migrations"[0m
  [1m[35mAREL (0.2ms)[0m  DELETE FROM "products" WHERE 1=1
  [1m[36mSQL (0.1ms)[0m  [1mSELECT 1 FROM "products" WHERE ("products"."title" = 'Web Design for Developers') LIMIT 1[0m
  [1m[35mAREL (0.2ms)[0m  INSERT INTO "products" ("title", "image_url", "price", "created_at", "updated_at", "description") VALUES ('Web Design for Developers', '/images/wd4d.jpg', 42.95, '2012-07-17 06:24:36.526437', '2012-07-17 06:24:36.526437', '<p>
 <em>Web Design for Developers</em> will show you how to make your
 web-based application look professionally designed. We''ll help you
 learn how to pick the right colors and fonts, avoid costly interface
 and accessibility mistakes -- your application will really come alive.
 We''ll also walk you through some common Photoshop and CSS techniques
 and work through a web site redesign, taking a new design from concept
 all the way to implementation.
 </p>')
  [1m[36mSQL (0.1ms)[0m  [1mSELECT 1 FROM "products" WHERE ("products"."title" = 'Programming Ruby 1.9') LIMIT 1[0m
  [1m[35mAREL (0.2ms)[0m  INSERT INTO "products" ("title", "image_url", "price", "created_at", "updated_at", "description") VALUES ('Programming Ruby 1.9', '/images/ruby.jpg', 49.5, '2012-07-17 06:24:36.730965', '2012-07-17 06:24:36.730965', '<p>
 Ruby is the fastest growing and most exciting dynamic language
 out there. If you need to get working programs delivered fast,
 you should add Ruby to your toolbox.
 </p>')
  [1m[36mSQL (0.1ms)[0m  [1mSELECT 1 FROM "products" WHERE ("products"."title" = 'Rails Test Prescriptions') LIMIT 1[0m
  [1m[35mAREL (0.2ms)[0m  INSERT INTO "products" ("title", "image_url", "price", "created_at", "updated_at", "description") VALUES ('Rails Test Prescriptions', '/images/rtp.jpg', 43.75, '2012-07-17 06:24:36.872423', '2012-07-17 06:24:36.872423', '<p>
 <em>Rails Test Prescriptions</em> is a comprehensive guide to testing
 Rails applications, covering Test-Driven Development from both a
 theoretical perspective (why to test) and from a practical perspective
 (how to test effectively). It covers the core Rails testing tools and
 procedures for Rails 2 and Rails 3, and introduces popular add-ons,
 including Cucumber, Shoulda, Machinist, Mocha, and Rcov.
 </p>')


Started GET "/" for 127.0.0.1 at Tue Jul 17 14:24:38 +0800 2012
  Processing by StoreController#index as HTML
  [1m[36mProduct Load (0.4ms)[0m  [1mSELECT "products".* FROM "products" ORDER BY title[0m
Rendered store/index.html.erb within layouts/application (17.8ms)
Completed 200 OK in 27ms (Views: 20.5ms | ActiveRecord: 0.4ms)


Started POST "/line_items?product_id=2" for 127.0.0.1 at Tue Jul 17 14:24:39 +0800 2012

ActionController::RoutingError (uninitialized constant LineItemsController):
  

Rendered /home/leon/.rvm/gems/ruby-1.8.7-p370/gems/actionpack-3.0.7/lib/action_dispatch/middleware/templates/rescues/routing_error.erb within rescues/layout (0.6ms)
  [1m[36mSQL (0.4ms)[0m  [1m SELECT name
 FROM sqlite_master
 WHERE type = 'table' AND NOT name = 'sqlite_sequence'
[0m
  [1m[35mSQL (0.1ms)[0m   SELECT name
 FROM sqlite_master
 WHERE type = 'table' AND NOT name = 'sqlite_sequence'
  [1m[36mSQL (0.1ms)[0m  [1mSELECT "schema_migrations"."version" FROM "schema_migrations"[0m
  [1m[35mSQL (0.1ms)[0m  select sqlite_version(*)
  [1m[36mSQL (0.2ms)[0m  [1m SELECT name
 FROM sqlite_master
 WHERE type = 'table' AND NOT name = 'sqlite_sequence'
[0m
  [1m[35mSQL (195.9ms)[0m  CREATE TABLE "products" ("id" INTEGER PRIMARY KEY AUTOINCREMENT NOT NULL, "title" varchar(255), "description" text, "image_url" varchar(255), "price" decimal, "created_at" datetime, "updated_at" datetime) 
  [1m[36mSQL (0.2ms)[0m  [1m SELECT name
 FROM sqlite_master
 WHERE type = 'table' AND NOT name = 'sqlite_sequence'
[0m
  [1m[35mSQL (240.6ms)[0m  CREATE TABLE "schema_migrations" ("version" varchar(255) NOT NULL) 
  [1m[36mSQL (0.1ms)[0m  [1mPRAGMA index_list("schema_migrations")[0m
  [1m[35mSQL (149.6ms)[0m  CREATE UNIQUE INDEX "unique_schema_migrations" ON "schema_migrations" ("version")
  [1m[36mSQL (0.1ms)[0m  [1m SELECT name
 FROM sqlite_master
 WHERE type = 'table' AND NOT name = 'sqlite_sequence'
[0m
  [1m[35mSQL (0.1ms)[0m  SELECT version FROM "schema_migrations"
  [1m[36mSQL (165.8ms)[0m  [1mINSERT INTO "schema_migrations" (version) VALUES ('20120712003610')[0m
  [1m[36mSQL (0.4ms)[0m  [1m SELECT name
 FROM sqlite_master
 WHERE type = 'table' AND NOT name = 'sqlite_sequence'
[0m
  [1m[35mSQL (0.1ms)[0m   SELECT name
 FROM sqlite_master
 WHERE type = 'table' AND NOT name = 'sqlite_sequence'
  [1m[36mSQL (0.1ms)[0m  [1mSELECT "schema_migrations"."version" FROM "schema_migrations"[0m
Migrating to CreateProducts (20120712003610)
Migrating to CreateLineItems (20120717062851)
  [1m[35mSQL (0.1ms)[0m  select sqlite_version(*)
  [1m[36mSQL (0.3ms)[0m  [1mCREATE TABLE "line_items" ("id" INTEGER PRIMARY KEY AUTOINCREMENT NOT NULL, "product_id" integer, "cart_id" integer, "created_at" datetime, "updated_at" datetime) [0m
  [1m[35mSQL (0.1ms)[0m  INSERT INTO "schema_migrations" ("version") VALUES ('20120717062851')
  [1m[36mSQL (0.2ms)[0m  [1m SELECT name
 FROM sqlite_master
 WHERE type = 'table' AND NOT name = 'sqlite_sequence'
[0m
  [1m[35mSQL (0.1ms)[0m  SELECT "schema_migrations"."version" FROM "schema_migrations"
  [1m[36mSQL (0.1ms)[0m  [1m SELECT name
 FROM sqlite_master
 WHERE type = 'table' AND NOT name = 'sqlite_sequence'
[0m
  [1m[35mSQL (0.0ms)[0m  PRAGMA index_list("line_items")
  [1m[36mSQL (0.0ms)[0m  [1mPRAGMA index_list("products")[0m
  [1m[36mSQL (0.4ms)[0m  [1m SELECT name
 FROM sqlite_master
 WHERE type = 'table' AND NOT name = 'sqlite_sequence'
[0m
  [1m[35mSQL (0.1ms)[0m   SELECT name
 FROM sqlite_master
 WHERE type = 'table' AND NOT name = 'sqlite_sequence'
  [1m[36mSQL (0.1ms)[0m  [1mSELECT "schema_migrations"."version" FROM "schema_migrations"[0m
Migrating to CreateProducts (20120712003610)
Migrating to CreateLineItems (20120717062851)
Migrating to CreateCarts (20120717062932)
  [1m[35mSQL (0.1ms)[0m  select sqlite_version(*)
  [1m[36mSQL (0.4ms)[0m  [1mCREATE TABLE "carts" ("id" INTEGER PRIMARY KEY AUTOINCREMENT NOT NULL, "created_at" datetime, "updated_at" datetime) [0m
  [1m[35mSQL (0.1ms)[0m  INSERT INTO "schema_migrations" ("version") VALUES ('20120717062932')
  [1m[36mSQL (0.2ms)[0m  [1m SELECT name
 FROM sqlite_master
 WHERE type = 'table' AND NOT name = 'sqlite_sequence'
[0m
  [1m[35mSQL (0.1ms)[0m  SELECT "schema_migrations"."version" FROM "schema_migrations"
  [1m[36mSQL (0.1ms)[0m  [1m SELECT name
 FROM sqlite_master
 WHERE type = 'table' AND NOT name = 'sqlite_sequence'
[0m
  [1m[35mSQL (0.0ms)[0m  PRAGMA index_list("carts")
  [1m[36mSQL (0.0ms)[0m  [1mPRAGMA index_list("line_items")[0m
  [1m[35mSQL (0.0ms)[0m  PRAGMA index_list("products")


Started GET "/" for 127.0.0.1 at Tue Jul 17 14:31:49 +0800 2012
  Processing by StoreController#index as HTML
  [1m[36mProduct Load (0.6ms)[0m  [1mSELECT "products".* FROM "products" ORDER BY title[0m
Rendered store/index.html.erb within layouts/application (18.7ms)
Completed 200 OK in 89ms (Views: 21.5ms | ActiveRecord: 0.6ms)


Started POST "/line_items?product_id=2" for 127.0.0.1 at Tue Jul 17 14:31:50 +0800 2012
  Processing by LineItemsController#create as HTML
  Parameters: {"product_id"=>"2", "authenticity_token"=>"e9yqSH4hmhJg8kFuvNyi9VqNGeaYCA2ZKhGAJ8ceAh4="}
  [1m[35mSQL (0.2ms)[0m   SELECT name
 FROM sqlite_master
 WHERE type = 'table' AND NOT name = 'sqlite_sequence'
  [1m[36mAREL (0.3ms)[0m  [1mINSERT INTO "line_items" ("cart_id", "updated_at", "created_at", "product_id") VALUES (NULL, '2012-07-17 06:31:50.948241', '2012-07-17 06:31:50.948241', NULL)[0m
Redirected to http://localhost:3000/line_items/1
Completed 302 Found in 219ms


Started GET "/line_items/1" for 127.0.0.1 at Tue Jul 17 14:31:51 +0800 2012
  Processing by LineItemsController#show as HTML
  Parameters: {"id"=>"1"}
  [1m[35mLineItem Load (0.2ms)[0m  SELECT "line_items".* FROM "line_items" WHERE "line_items"."id" = 1 LIMIT 1
Rendered line_items/show.html.erb within layouts/application (6.6ms)
Completed 200 OK in 19ms (Views: 10.3ms | ActiveRecord: 0.7ms)


Started GET "/line_items" for 127.0.0.1 at Tue Jul 17 14:31:58 +0800 2012
  Processing by LineItemsController#index as HTML
  [1m[36mLineItem Load (0.4ms)[0m  [1mSELECT "line_items".* FROM "line_items"[0m
Rendered line_items/index.html.erb within layouts/application (7.0ms)
Completed 200 OK in 15ms (Views: 9.8ms | ActiveRecord: 0.4ms)


Started GET "/line_items/1" for 127.0.0.1 at Tue Jul 17 14:32:00 +0800 2012
  Processing by LineItemsController#show as HTML
  Parameters: {"id"=>"1"}
  [1m[35mLineItem Load (0.1ms)[0m  SELECT "line_items".* FROM "line_items" WHERE "line_items"."id" = 1 LIMIT 1
Rendered line_items/show.html.erb within layouts/application (47.1ms)
Completed 200 OK in 56ms (Views: 49.9ms | ActiveRecord: 0.1ms)


Started GET "/line_items" for 127.0.0.1 at Tue Jul 17 14:32:02 +0800 2012
  Processing by LineItemsController#index as HTML
  [1m[36mLineItem Load (0.4ms)[0m  [1mSELECT "line_items".* FROM "line_items"[0m
Rendered line_items/index.html.erb within layouts/application (7.1ms)
Completed 200 OK in 16ms (Views: 9.8ms | ActiveRecord: 0.4ms)


Started GET "/line_items/new" for 127.0.0.1 at Tue Jul 17 14:32:07 +0800 2012
  Processing by LineItemsController#new as HTML
Rendered line_items/_form.html.erb (8.6ms)
Rendered line_items/new.html.erb within layouts/application (11.4ms)
Completed 200 OK in 19ms (Views: 14.0ms | ActiveRecord: 0.0ms)


Started GET "/" for 127.0.0.1 at Tue Jul 17 14:32:15 +0800 2012
  Processing by StoreController#index as HTML
  [1m[35mProduct Load (0.5ms)[0m  SELECT "products".* FROM "products" ORDER BY title
Rendered store/index.html.erb within layouts/application (10.4ms)
Completed 200 OK in 66ms (Views: 13.4ms | ActiveRecord: 0.5ms)


Started POST "/line_items?product_id=2" for 127.0.0.1 at Tue Jul 17 14:32:16 +0800 2012
  Processing by LineItemsController#create as HTML
  Parameters: {"product_id"=>"2", "authenticity_token"=>"e9yqSH4hmhJg8kFuvNyi9VqNGeaYCA2ZKhGAJ8ceAh4="}
  [1m[36mAREL (0.2ms)[0m  [1mINSERT INTO "line_items" ("updated_at", "product_id", "cart_id", "created_at") VALUES ('2012-07-17 06:32:16.636014', NULL, NULL, '2012-07-17 06:32:16.636014')[0m
Redirected to http://localhost:3000/line_items/2
Completed 302 Found in 160ms


Started GET "/line_items/2" for 127.0.0.1 at Tue Jul 17 14:32:16 +0800 2012
  Processing by LineItemsController#show as HTML
  Parameters: {"id"=>"2"}
  [1m[35mLineItem Load (0.2ms)[0m  SELECT "line_items".* FROM "line_items" WHERE "line_items"."id" = 2 LIMIT 1
Rendered line_items/show.html.erb within layouts/application (6.7ms)
Completed 200 OK in 16ms (Views: 9.8ms | ActiveRecord: 0.4ms)
  [1m[36mSQL (0.4ms)[0m  [1m SELECT name
 FROM sqlite_master
 WHERE type = 'table' AND NOT name = 'sqlite_sequence'
[0m
  [1m[35mSQL (0.1ms)[0m   SELECT name
 FROM sqlite_master
 WHERE type = 'table' AND NOT name = 'sqlite_sequence'
  [1m[36mSQL (0.1ms)[0m  [1mSELECT "schema_migrations"."version" FROM "schema_migrations"[0m
  [1m[35mSQL (0.1ms)[0m  select sqlite_version(*)
  [1m[36mSQL (0.2ms)[0m  [1m SELECT name
 FROM sqlite_master
 WHERE type = 'table' AND NOT name = 'sqlite_sequence'
[0m
  [1m[35mSQL (194.5ms)[0m  CREATE TABLE "carts" ("id" INTEGER PRIMARY KEY AUTOINCREMENT NOT NULL, "created_at" datetime, "updated_at" datetime) 
  [1m[36mSQL (0.2ms)[0m  [1m SELECT name
 FROM sqlite_master
 WHERE type = 'table' AND NOT name = 'sqlite_sequence'
[0m
  [1m[35mSQL (166.3ms)[0m  CREATE TABLE "line_items" ("id" INTEGER PRIMARY KEY AUTOINCREMENT NOT NULL, "product_id" integer, "cart_id" integer, "created_at" datetime, "updated_at" datetime) 
  [1m[36mSQL (0.2ms)[0m  [1m SELECT name
 FROM sqlite_master
 WHERE type = 'table' AND NOT name = 'sqlite_sequence'
[0m
  [1m[35mSQL (147.7ms)[0m  CREATE TABLE "products" ("id" INTEGER PRIMARY KEY AUTOINCREMENT NOT NULL, "title" varchar(255), "description" text, "image_url" varchar(255), "price" decimal, "created_at" datetime, "updated_at" datetime) 
  [1m[36mSQL (0.2ms)[0m  [1m SELECT name
 FROM sqlite_master
 WHERE type = 'table' AND NOT name = 'sqlite_sequence'
[0m
  [1m[35mSQL (143.5ms)[0m  CREATE TABLE "schema_migrations" ("version" varchar(255) NOT NULL) 
  [1m[36mSQL (0.1ms)[0m  [1mPRAGMA index_list("schema_migrations")[0m
  [1m[35mSQL (155.4ms)[0m  CREATE UNIQUE INDEX "unique_schema_migrations" ON "schema_migrations" ("version")
  [1m[36mSQL (0.2ms)[0m  [1m SELECT name
 FROM sqlite_master
 WHERE type = 'table' AND NOT name = 'sqlite_sequence'
[0m
  [1m[35mSQL (0.1ms)[0m  SELECT version FROM "schema_migrations"
  [1m[36mSQL (161.6ms)[0m  [1mINSERT INTO "schema_migrations" (version) VALUES ('20120717062932')[0m
  [1m[35mSQL (162.2ms)[0m  INSERT INTO "schema_migrations" (version) VALUES ('20120712003610')
  [1m[36mSQL (174.8ms)[0m  [1mINSERT INTO "schema_migrations" (version) VALUES ('20120717062851')[0m


Started GET "/line_items/2" for 127.0.0.1 at Tue Jul 17 14:34:31 +0800 2012
  Processing by LineItemsController#show as HTML
  Parameters: {"id"=>"2"}
  [1m[36mLineItem Load (0.1ms)[0m  [1mSELECT "line_items".* FROM "line_items" WHERE "line_items"."id" = 2 LIMIT 1[0m
Rendered line_items/show.html.erb within layouts/application (56.2ms)
Completed 200 OK in 65ms (Views: 59.0ms | ActiveRecord: 0.1ms)


Started GET "/line_items" for 127.0.0.1 at Tue Jul 17 14:34:34 +0800 2012
  Processing by LineItemsController#index as HTML
  [1m[35mLineItem Load (0.4ms)[0m  SELECT "line_items".* FROM "line_items"
Rendered line_items/index.html.erb within layouts/application (7.6ms)
Completed 200 OK in 16ms (Views: 10.3ms | ActiveRecord: 0.4ms)


Started POST "/line_items/1" for 127.0.0.1 at Tue Jul 17 14:34:42 +0800 2012
  Processing by LineItemsController#destroy as HTML
  Parameters: {"id"=>"1", "authenticity_token"=>"e9yqSH4hmhJg8kFuvNyi9VqNGeaYCA2ZKhGAJ8ceAh4="}
  [1m[36mLineItem Load (0.2ms)[0m  [1mSELECT "line_items".* FROM "line_items" WHERE "line_items"."id" = 1 LIMIT 1[0m
  [1m[35mAREL (0.3ms)[0m  DELETE FROM "line_items" WHERE "line_items"."id" = 1
Redirected to http://localhost:3000/line_items
Completed 302 Found in 169ms


Started GET "/line_items" for 127.0.0.1 at Tue Jul 17 14:34:43 +0800 2012
  Processing by LineItemsController#index as HTML
  [1m[36mLineItem Load (0.4ms)[0m  [1mSELECT "line_items".* FROM "line_items"[0m
Rendered line_items/index.html.erb within layouts/application (7.0ms)
Completed 200 OK in 16ms (Views: 9.8ms | ActiveRecord: 0.9ms)


Started POST "/line_items/2" for 127.0.0.1 at Tue Jul 17 14:34:45 +0800 2012
  Processing by LineItemsController#destroy as HTML
  Parameters: {"id"=>"2", "authenticity_token"=>"e9yqSH4hmhJg8kFuvNyi9VqNGeaYCA2ZKhGAJ8ceAh4="}
  [1m[35mLineItem Load (0.2ms)[0m  SELECT "line_items".* FROM "line_items" WHERE "line_items"."id" = 2 LIMIT 1
  [1m[36mAREL (0.3ms)[0m  [1mDELETE FROM "line_items" WHERE "line_items"."id" = 2[0m
Redirected to http://localhost:3000/line_items
Completed 302 Found in 183ms


Started GET "/line_items" for 127.0.0.1 at Tue Jul 17 14:34:46 +0800 2012
  Processing by LineItemsController#index as HTML
  [1m[35mLineItem Load (0.3ms)[0m  SELECT "line_items".* FROM "line_items"
Rendered line_items/index.html.erb within layouts/application (2.1ms)
Completed 200 OK in 11ms (Views: 4.9ms | ActiveRecord: 0.8ms)


Started GET "/" for 127.0.0.1 at Tue Jul 17 14:34:49 +0800 2012
  Processing by StoreController#index as HTML
  [1m[36mProduct Load (0.4ms)[0m  [1mSELECT "products".* FROM "products" ORDER BY title[0m
Rendered store/index.html.erb within layouts/application (11.0ms)
Completed 200 OK in 64ms (Views: 57.4ms | ActiveRecord: 0.4ms)


Started GET "/" for 127.0.0.1 at Tue Jul 17 14:34:49 +0800 2012
  Processing by StoreController#index as HTML
  [1m[35mProduct Load (0.5ms)[0m  SELECT "products".* FROM "products" ORDER BY title
Rendered store/index.html.erb within layouts/application (15.2ms)
Completed 200 OK in 31ms (Views: 19.1ms | ActiveRecord: 0.5ms)


Started POST "/line_items?product_id=2" for 127.0.0.1 at Tue Jul 17 14:34:50 +0800 2012
  Processing by LineItemsController#create as HTML
  Parameters: {"product_id"=>"2", "authenticity_token"=>"e9yqSH4hmhJg8kFuvNyi9VqNGeaYCA2ZKhGAJ8ceAh4="}
  [1m[36mAREL (0.2ms)[0m  [1mINSERT INTO "line_items" ("product_id", "updated_at", "cart_id", "created_at") VALUES (NULL, '2012-07-17 06:34:50.887213', NULL, '2012-07-17 06:34:50.887213')[0m
Redirected to http://localhost:3000/line_items/3
Completed 302 Found in 183ms


Started GET "/line_items/3" for 127.0.0.1 at Tue Jul 17 14:34:51 +0800 2012
  Processing by LineItemsController#show as HTML
  Parameters: {"id"=>"3"}
  [1m[35mLineItem Load (0.1ms)[0m  SELECT "line_items".* FROM "line_items" WHERE "line_items"."id" = 3 LIMIT 1
Rendered line_items/show.html.erb within layouts/application (50.9ms)
Completed 200 OK in 60ms (Views: 53.8ms | ActiveRecord: 0.3ms)


Started GET "/line_items" for 127.0.0.1 at Tue Jul 17 14:34:59 +0800 2012
  Processing by LineItemsController#index as HTML
  [1m[36mLineItem Load (0.4ms)[0m  [1mSELECT "line_items".* FROM "line_items"[0m
Rendered line_items/index.html.erb within layouts/application (7.1ms)
Completed 200 OK in 15ms (Views: 9.8ms | ActiveRecord: 0.4ms)


Started GET "/line_items/3" for 127.0.0.1 at Tue Jul 17 14:35:01 +0800 2012
  Processing by LineItemsController#show as HTML
  Parameters: {"id"=>"3"}
  [1m[35mLineItem Load (0.1ms)[0m  SELECT "line_items".* FROM "line_items" WHERE "line_items"."id" = 3 LIMIT 1
Rendered line_items/show.html.erb within layouts/application (5.6ms)
Completed 200 OK in 14ms (Views: 8.3ms | ActiveRecord: 0.1ms)


Started GET "/line_items" for 127.0.0.1 at Tue Jul 17 14:35:03 +0800 2012
  Processing by LineItemsController#index as HTML
  [1m[36mLineItem Load (0.4ms)[0m  [1mSELECT "line_items".* FROM "line_items"[0m
Rendered line_items/index.html.erb within layouts/application (8.3ms)
Completed 200 OK in 61ms (Views: 11.4ms | ActiveRecord: 0.4ms)


Started GET "/line_items" for 127.0.0.1 at Tue Jul 17 14:37:46 +0800 2012
  Processing by LineItemsController#index as HTML
  [1m[35mLineItem Load (0.3ms)[0m  SELECT "line_items".* FROM "line_items"
Rendered line_items/index.html.erb within layouts/application (6.8ms)
Completed 200 OK in 15ms (Views: 9.5ms | ActiveRecord: 0.3ms)


Started POST "/line_items/3" for 127.0.0.1 at Tue Jul 17 14:37:49 +0800 2012
  Processing by LineItemsController#destroy as HTML
  Parameters: {"id"=>"3", "authenticity_token"=>"e9yqSH4hmhJg8kFuvNyi9VqNGeaYCA2ZKhGAJ8ceAh4="}
  [1m[36mLineItem Load (0.2ms)[0m  [1mSELECT "line_items".* FROM "line_items" WHERE "line_items"."id" = 3 LIMIT 1[0m
  [1m[35mAREL (0.2ms)[0m  DELETE FROM "line_items" WHERE "line_items"."id" = 3
Redirected to http://localhost:3000/line_items
Completed 302 Found in 247ms


Started GET "/line_items" for 127.0.0.1 at Tue Jul 17 14:37:49 +0800 2012
  Processing by LineItemsController#index as HTML
  [1m[36mLineItem Load (0.4ms)[0m  [1mSELECT "line_items".* FROM "line_items"[0m
Rendered line_items/index.html.erb within layouts/application (2.3ms)
Completed 200 OK in 11ms (Views: 5.0ms | ActiveRecord: 0.8ms)


Started GET "/" for 127.0.0.1 at Tue Jul 17 14:37:53 +0800 2012
  Processing by StoreController#index as HTML
  [1m[35mProduct Load (0.5ms)[0m  SELECT "products".* FROM "products" ORDER BY title
Rendered store/index.html.erb within layouts/application (9.6ms)
Completed 200 OK in 20ms (Views: 12.8ms | ActiveRecord: 0.5ms)


Started POST "/line_items?product_id=2" for 127.0.0.1 at Tue Jul 17 14:37:54 +0800 2012
  Processing by LineItemsController#create as HTML
  Parameters: {"product_id"=>"2", "authenticity_token"=>"e9yqSH4hmhJg8kFuvNyi9VqNGeaYCA2ZKhGAJ8ceAh4="}
  [1m[36mCart Load (0.1ms)[0m  [1mSELECT "carts".* FROM "carts" WHERE "carts"."id" = 3 LIMIT 1[0m
  [1m[35mAREL (0.2ms)[0m  INSERT INTO "carts" ("updated_at", "created_at") VALUES ('2012-07-17 06:37:54.081462', '2012-07-17 06:37:54.081462')
  [1m[36mProduct Load (0.2ms)[0m  [1mSELECT "products".* FROM "products" WHERE "products"."id" = 2 ORDER BY title LIMIT 1[0m
  [1m[35mAREL (0.2ms)[0m  INSERT INTO "line_items" ("cart_id", "product_id", "created_at", "updated_at") VALUES (1, 2, '2012-07-17 06:37:54.321298', '2012-07-17 06:37:54.321298')
  [1m[36mCart Load (0.2ms)[0m  [1mSELECT "carts".* FROM "carts" WHERE "carts"."id" = 1 LIMIT 1[0m
Redirected to http://localhost:3000/carts/1
Completed 302 Found in 393ms


Started GET "/carts/1" for 127.0.0.1 at Tue Jul 17 14:37:54 +0800 2012
  Processing by CartsController#show as HTML
  Parameters: {"id"=>"1"}
  [1m[35mCart Load (0.1ms)[0m  SELECT "carts".* FROM "carts" WHERE "carts"."id" = 1 LIMIT 1
  [1m[36mLineItem Load (0.2ms)[0m  [1mSELECT "line_items".* FROM "line_items" WHERE ("line_items".cart_id = 1)[0m
  [1m[35mProduct Load (0.2ms)[0m  SELECT "products".* FROM "products" WHERE "products"."id" = 2 ORDER BY title LIMIT 1
Rendered carts/show.html.erb within layouts/application (65.8ms)
Completed 200 OK in 75ms (Views: 68.6ms | ActiveRecord: 1.4ms)


Started POST "/line_items?product_id=2" for 127.0.0.1 at Tue Jul 17 14:38:05 +0800 2012
  Processing by LineItemsController#create as HTML
  Parameters: {"product_id"=>"2", "authenticity_token"=>"e9yqSH4hmhJg8kFuvNyi9VqNGeaYCA2ZKhGAJ8ceAh4="}
  [1m[36mCart Load (0.1ms)[0m  [1mSELECT "carts".* FROM "carts" WHERE "carts"."id" = 1 LIMIT 1[0m
  [1m[35mProduct Load (0.2ms)[0m  SELECT "products".* FROM "products" WHERE "products"."id" = 2 ORDER BY title LIMIT 1
  [1m[36mAREL (0.2ms)[0m  [1mINSERT INTO "line_items" ("cart_id", "created_at", "updated_at", "product_id") VALUES (1, '2012-07-17 06:38:05.343523', '2012-07-17 06:38:05.343523', 2)[0m
  [1m[35mCart Load (0.2ms)[0m  SELECT "carts".* FROM "carts" WHERE "carts"."id" = 1 LIMIT 1
Redirected to http://localhost:3000/carts/1
Completed 302 Found in 203ms


Started GET "/carts/1" for 127.0.0.1 at Tue Jul 17 14:38:05 +0800 2012
  Processing by CartsController#show as HTML
  Parameters: {"id"=>"1"}
  [1m[36mCart Load (0.1ms)[0m  [1mSELECT "carts".* FROM "carts" WHERE "carts"."id" = 1 LIMIT 1[0m
  [1m[35mLineItem Load (0.2ms)[0m  SELECT "line_items".* FROM "line_items" WHERE ("line_items".cart_id = 1)
  [1m[36mProduct Load (0.2ms)[0m  [1mSELECT "products".* FROM "products" WHERE "products"."id" = 2 ORDER BY title LIMIT 1[0m
  [1m[35mCACHE (0.0ms)[0m  SELECT "products".* FROM "products" WHERE "products"."id" = 2 ORDER BY title LIMIT 1
Rendered carts/show.html.erb within layouts/application (81.5ms)
Completed 200 OK in 90ms (Views: 84.0ms | ActiveRecord: 1.3ms)


Started POST "/line_items?product_id=3" for 127.0.0.1 at Tue Jul 17 14:38:07 +0800 2012
  Processing by LineItemsController#create as HTML
  Parameters: {"product_id"=>"3", "authenticity_token"=>"e9yqSH4hmhJg8kFuvNyi9VqNGeaYCA2ZKhGAJ8ceAh4="}
  [1m[36mCart Load (0.1ms)[0m  [1mSELECT "carts".* FROM "carts" WHERE "carts"."id" = 1 LIMIT 1[0m
  [1m[35mProduct Load (0.2ms)[0m  SELECT "products".* FROM "products" WHERE "products"."id" = 3 ORDER BY title LIMIT 1
  [1m[36mAREL (0.2ms)[0m  [1mINSERT INTO "line_items" ("updated_at", "product_id", "cart_id", "created_at") VALUES ('2012-07-17 06:38:07.797163', 3, 1, '2012-07-17 06:38:07.797163')[0m
  [1m[35mCart Load (0.2ms)[0m  SELECT "carts".* FROM "carts" WHERE "carts"."id" = 1 LIMIT 1
Redirected to http://localhost:3000/carts/1
Completed 302 Found in 198ms


Started GET "/carts/1" for 127.0.0.1 at Tue Jul 17 14:38:07 +0800 2012
  Processing by CartsController#show as HTML
  Parameters: {"id"=>"1"}
  [1m[36mCart Load (0.1ms)[0m  [1mSELECT "carts".* FROM "carts" WHERE "carts"."id" = 1 LIMIT 1[0m
  [1m[35mLineItem Load (0.3ms)[0m  SELECT "line_items".* FROM "line_items" WHERE ("line_items".cart_id = 1)
  [1m[36mProduct Load (0.2ms)[0m  [1mSELECT "products".* FROM "products" WHERE "products"."id" = 2 ORDER BY title LIMIT 1[0m
  [1m[35mCACHE (0.0ms)[0m  SELECT "products".* FROM "products" WHERE "products"."id" = 2 ORDER BY title LIMIT 1
  [1m[36mProduct Load (0.2ms)[0m  [1mSELECT "products".* FROM "products" WHERE "products"."id" = 3 ORDER BY title LIMIT 1[0m
Rendered carts/show.html.erb within layouts/application (29.8ms)
Completed 200 OK in 39ms (Views: 32.0ms | ActiveRecord: 1.6ms)
